<?xml version="1.0" encoding="UTF-8"?>
<!-- Generated by org.testng.reporters.JUnitReportReporter -->
<testsuite skipped="1" hostname="LAPTOP-EUU5Q1J4" name="test_Cases.Parentlogout" tests="2" failures="0" timestamp="2021-06-26T18:40:42 IST" time="1.975" errors="1">
  <testcase name="preCondition" time="1.975" classname="test_Cases.Parentlogout">
    <error type="org.openqa.selenium.SessionNotCreatedException" message="session not created: This version of ChromeDriver only supports Chrome version 88
Current browser version is 91.0.4472.114 with binary path C:\Program Files (x86)\Google\Chrome\Application\chrome.exe
Build info: version: &#039;3.141.59&#039;, revision: &#039;e82be7d358&#039;, time: &#039;2018-11-14T08:17:03&#039;
System info: host: &#039;LAPTOP-EUU5Q1J4&#039;, ip: &#039;192.168.1.36&#039;, os.name: &#039;Windows 10&#039;, os.arch: &#039;amd64&#039;, os.version: &#039;10.0&#039;, java.version: &#039;1.8.0_191&#039;
Driver info: driver.version: ChromeDriver
remote stacktrace: Backtrace:
	GetHandleVerifier [0x005FB963+483]
	GetHandleVerifier [0x005FB941+449]
	GetHandleVerifier [0x009A3308+3832712]
	GetHandleVerifier [0x009BD69A+3940122]
	GetHandleVerifier [0x009B9AFB+3924859]
	GetHandleVerifier [0x009B7D9C+3917340]
	GetHandleVerifier [0x009DE7FE+4075646]
	GetHandleVerifier [0x009DE56C+4074988]
	GetHandleVerifier [0x009DB2EB+4062059]
	GetHandleVerifier [0x009BED14+3945876]
	GetHandleVerifier [0x009BFBCE+3949646]
	GetHandleVerifier [0x009BFB59+3949529]
	Ordinal0 [0x005BB5CC+46540]
	Ordinal0 [0x005B9F53+40787]
	Ordinal0 [0x005B9B12+39698]
	GetHandleVerifier [0x008C1468+2907368]
	GetHandleVerifier [0x007071EE+1096302]
	GetHandleVerifier [0x006C3E8D+821005]
	GetHandleVerifier [0x006C396B+819691]
	GetHandleVerifier [0x006C3881+819457]
	GetHandleVerifier [0x006EF463+998627]
	BaseThreadInitThunk [0x7714FA29+25]
	RtlGetAppContainerNamedObjectPath [0x774C7A9E+286]
	RtlGetAppContainerNamedObjectPath [0x774C7A6E+238]
">
      <![CDATA[org.openqa.selenium.SessionNotCreatedException: session not created: This version of ChromeDriver only supports Chrome version 88
Current browser version is 91.0.4472.114 with binary path C:\Program Files (x86)\Google\Chrome\Application\chrome.exe
Build info: version: '3.141.59', revision: 'e82be7d358', time: '2018-11-14T08:17:03'
System info: host: 'LAPTOP-EUU5Q1J4', ip: '192.168.1.36', os.name: 'Windows 10', os.arch: 'amd64', os.version: '10.0', java.version: '1.8.0_191'
Driver info: driver.version: ChromeDriver
remote stacktrace: Backtrace:
GetHandleVerifier [0x005FB963+483]
GetHandleVerifier [0x005FB941+449]
GetHandleVerifier [0x009A3308+3832712]
GetHandleVerifier [0x009BD69A+3940122]
GetHandleVerifier [0x009B9AFB+3924859]
GetHandleVerifier [0x009B7D9C+3917340]
GetHandleVerifier [0x009DE7FE+4075646]
GetHandleVerifier [0x009DE56C+4074988]
GetHandleVerifier [0x009DB2EB+4062059]
GetHandleVerifier [0x009BED14+3945876]
GetHandleVerifier [0x009BFBCE+3949646]
GetHandleVerifier [0x009BFB59+3949529]
Ordinal0 [0x005BB5CC+46540]
Ordinal0 [0x005B9F53+40787]
Ordinal0 [0x005B9B12+39698]
GetHandleVerifier [0x008C1468+2907368]
GetHandleVerifier [0x007071EE+1096302]
GetHandleVerifier [0x006C3E8D+821005]
GetHandleVerifier [0x006C396B+819691]
GetHandleVerifier [0x006C3881+819457]
GetHandleVerifier [0x006EF463+998627]
BaseThreadInitThunk [0x7714FA29+25]
RtlGetAppContainerNamedObjectPath [0x774C7A9E+286]
RtlGetAppContainerNamedObjectPath [0x774C7A6E+238]

at sun.reflect.NativeConstructorAccessorImpl.newInstance0(Native Method)
at sun.reflect.NativeConstructorAccessorImpl.newInstance(NativeConstructorAccessorImpl.java:62)
at sun.reflect.DelegatingConstructorAccessorImpl.newInstance(DelegatingConstructorAccessorImpl.java:45)
at java.lang.reflect.Constructor.newInstance(Constructor.java:423)
at org.openqa.selenium.remote.W3CHandshakeResponse.lambda$errorHandler$0(W3CHandshakeResponse.java:62)
at org.openqa.selenium.remote.HandshakeResponse.lambda$getResponseFunction$0(HandshakeResponse.java:30)
at org.openqa.selenium.remote.ProtocolHandshake.lambda$createSession$0(ProtocolHandshake.java:126)
at java.util.stream.ReferencePipeline$3$1.accept(ReferencePipeline.java:193)
at java.util.Spliterators$ArraySpliterator.tryAdvance(Spliterators.java:958)
at java.util.stream.ReferencePipeline.forEachWithCancel(ReferencePipeline.java:126)
at java.util.stream.AbstractPipeline.copyIntoWithCancel(AbstractPipeline.java:498)
at java.util.stream.AbstractPipeline.copyInto(AbstractPipeline.java:485)
at java.util.stream.AbstractPipeline.wrapAndCopyInto(AbstractPipeline.java:471)
at java.util.stream.FindOps$FindOp.evaluateSequential(FindOps.java:152)
at java.util.stream.AbstractPipeline.evaluate(AbstractPipeline.java:234)
at java.util.stream.ReferencePipeline.findFirst(ReferencePipeline.java:464)
at org.openqa.selenium.remote.ProtocolHandshake.createSession(ProtocolHandshake.java:128)
at org.openqa.selenium.remote.ProtocolHandshake.createSession(ProtocolHandshake.java:74)
at org.openqa.selenium.remote.HttpCommandExecutor.execute(HttpCommandExecutor.java:136)
at org.openqa.selenium.remote.service.DriverCommandExecutor.execute(DriverCommandExecutor.java:83)
at org.openqa.selenium.remote.RemoteWebDriver.execute(RemoteWebDriver.java:552)
at org.openqa.selenium.remote.RemoteWebDriver.startSession(RemoteWebDriver.java:213)
at org.openqa.selenium.remote.RemoteWebDriver.<init>(RemoteWebDriver.java:131)
at org.openqa.selenium.chrome.ChromeDriver.<init>(ChromeDriver.java:181)
at org.openqa.selenium.chrome.ChromeDriver.<init>(ChromeDriver.java:168)
at org.openqa.selenium.chrome.ChromeDriver.<init>(ChromeDriver.java:157)
at tll.generic.BaseLibrary.preCondition(BaseLibrary.java:33)
at sun.reflect.NativeMethodAccessorImpl.invoke0(Native Method)
at sun.reflect.NativeMethodAccessorImpl.invoke(NativeMethodAccessorImpl.java:62)
at sun.reflect.DelegatingMethodAccessorImpl.invoke(DelegatingMethodAccessorImpl.java:43)
at java.lang.reflect.Method.invoke(Method.java:498)
at org.testng.internal.MethodInvocationHelper.invokeMethod(MethodInvocationHelper.java:132)
at org.testng.internal.MethodInvocationHelper.invokeMethodConsideringTimeout(MethodInvocationHelper.java:61)
at org.testng.internal.ConfigInvoker.invokeConfigurationMethod(ConfigInvoker.java:366)
at org.testng.internal.ConfigInvoker.invokeConfigurations(ConfigInvoker.java:320)
at org.testng.internal.TestMethodWorker.invokeBeforeClassMethods(TestMethodWorker.java:176)
at org.testng.internal.TestMethodWorker.run(TestMethodWorker.java:122)
at java.util.ArrayList.forEach(ArrayList.java:1257)
at org.testng.TestRunner.privateRun(TestRunner.java:764)
at org.testng.TestRunner.run(TestRunner.java:585)
at org.testng.SuiteRunner.runTest(SuiteRunner.java:384)
at org.testng.SuiteRunner.runSequentially(SuiteRunner.java:378)
at org.testng.SuiteRunner.privateRun(SuiteRunner.java:337)
at org.testng.SuiteRunner.run(SuiteRunner.java:286)
at org.testng.SuiteRunnerWorker.runSuite(SuiteRunnerWorker.java:53)
at org.testng.SuiteRunnerWorker.run(SuiteRunnerWorker.java:96)
at org.testng.TestNG.runSuitesSequentially(TestNG.java:1218)
at org.testng.TestNG.runSuitesLocally(TestNG.java:1140)
at org.testng.TestNG.runSuites(TestNG.java:1069)
at org.testng.TestNG.run(TestNG.java:1037)
at org.testng.remote.AbstractRemoteTestNG.run(AbstractRemoteTestNG.java:115)
at org.testng.remote.RemoteTestNG.initAndRun(RemoteTestNG.java:251)
at org.testng.remote.RemoteTestNG.main(RemoteTestNG.java:77)
]]>
    </error>
  </testcase> <!-- preCondition -->
  <system-out/>
  <testcase name="init" time="0.000" classname="test_Cases.Parentlogout">
    <skipped/>
  </testcase> <!-- init -->
  <system-out>
init  Script Skipped :(  Suite Execution Ends Sat Jun 26 18:40:42 IST 2021  </system-out>
</testsuite> <!-- test_Cases.Parentlogout -->
