<?xml version="1.0" encoding="UTF-8"?>
<!-- Generated by org.testng.reporters.JUnitXMLReporter -->
<testsuite hostname="LAPTOP-EUU5Q1J4" ignored="0" name="Test" tests="1" failures="0" timestamp="2021-07-02T15:08:57 IST" time="13.853" errors="0">
  <testcase name="@BeforeClass preCondition" time="13.372" classname="tll.generic.BaseLibrary">
    <failure type="org.openqa.selenium.SessionNotCreatedException" message="session not created: This version of ChromeDriver only supports Chrome version 88
Current browser version is 91.0.4472.124 with binary path C:\Program Files (x86)\Google\Chrome\Application\chrome.exe
Build info: version: &amp;apos;3.141.59&amp;apos;, revision: &amp;apos;e82be7d358&amp;apos;, time: &amp;apos;2018-11-14T08:17:03&amp;apos;
System info: host: &amp;apos;LAPTOP-EUU5Q1J4&amp;apos;, ip: &amp;apos;192.168.1.33&amp;apos;, os.name: &amp;apos;Windows 10&amp;apos;, os.arch: &amp;apos;amd64&amp;apos;, os.version: &amp;apos;10.0&amp;apos;, java.version: &amp;apos;1.8.0_191&amp;apos;
Driver info: driver.version: ChromeDriver
remote stacktrace: Backtrace:
	GetHandleVerifier [0x0008B963+483]
	GetHandleVerifier [0x0008B941+449]
	GetHandleVerifier [0x00433308+3832712]
	GetHandleVerifier [0x0044D69A+3940122]
	GetHandleVerifier [0x00449AFB+3924859]
	GetHandleVerifier [0x00447D9C+3917340]
	GetHandleVerifier [0x0046E7FE+4075646]
	GetHandleVerifier [0x0046E56C+4074988]
	GetHandleVerifier [0x0046B2EB+4062059]
	GetHandleVerifier [0x0044ED14+3945876]
	GetHandleVerifier [0x0044FBCE+3949646]
	GetHandleVerifier [0x0044FB59+3949529]
	Ordinal0 [0x0004B5CC+46540]
	Ordinal0 [0x00049F53+40787]
	Ordinal0 [0x00049B12+39698]
	GetHandleVerifier [0x00351468+2907368]
	GetHandleVerifier [0x001971EE+1096302]
	GetHandleVerifier [0x00153E8D+821005]
	GetHandleVerifier [0x0015396B+819691]
	GetHandleVerifier [0x00153881+819457]
	GetHandleVerifier [0x0017F463+998627]
	BaseThreadInitThunk [0x7714FA29+25]
	RtlGetAppContainerNamedObjectPath [0x774C7A9E+286]
	RtlGetAppContainerNamedObjectPath [0x774C7A6E+238]
	(No symbol) [0x00000000]
">
      <![CDATA[org.openqa.selenium.SessionNotCreatedException: session not created: This version of ChromeDriver only supports Chrome version 88
Current browser version is 91.0.4472.124 with binary path C:\Program Files (x86)\Google\Chrome\Application\chrome.exe
Build info: version: '3.141.59', revision: 'e82be7d358', time: '2018-11-14T08:17:03'
System info: host: 'LAPTOP-EUU5Q1J4', ip: '192.168.1.33', os.name: 'Windows 10', os.arch: 'amd64', os.version: '10.0', java.version: '1.8.0_191'
Driver info: driver.version: ChromeDriver
remote stacktrace: Backtrace:
GetHandleVerifier [0x0008B963+483]
GetHandleVerifier [0x0008B941+449]
GetHandleVerifier [0x00433308+3832712]
GetHandleVerifier [0x0044D69A+3940122]
GetHandleVerifier [0x00449AFB+3924859]
GetHandleVerifier [0x00447D9C+3917340]
GetHandleVerifier [0x0046E7FE+4075646]
GetHandleVerifier [0x0046E56C+4074988]
GetHandleVerifier [0x0046B2EB+4062059]
GetHandleVerifier [0x0044ED14+3945876]
GetHandleVerifier [0x0044FBCE+3949646]
GetHandleVerifier [0x0044FB59+3949529]
Ordinal0 [0x0004B5CC+46540]
Ordinal0 [0x00049F53+40787]
Ordinal0 [0x00049B12+39698]
GetHandleVerifier [0x00351468+2907368]
GetHandleVerifier [0x001971EE+1096302]
GetHandleVerifier [0x00153E8D+821005]
GetHandleVerifier [0x0015396B+819691]
GetHandleVerifier [0x00153881+819457]
GetHandleVerifier [0x0017F463+998627]
BaseThreadInitThunk [0x7714FA29+25]
RtlGetAppContainerNamedObjectPath [0x774C7A9E+286]
RtlGetAppContainerNamedObjectPath [0x774C7A6E+238]
(No symbol) [0x00000000]

at org.openqa.selenium.remote.W3CHandshakeResponse.lambda$errorHandler$0(W3CHandshakeResponse.java:62)
at org.openqa.selenium.remote.HandshakeResponse.lambda$getResponseFunction$0(HandshakeResponse.java:30)
at org.openqa.selenium.remote.ProtocolHandshake.lambda$createSession$0(ProtocolHandshake.java:126)
at java.util.stream.ReferencePipeline$3$1.accept(ReferencePipeline.java:193)
at java.util.Spliterators$ArraySpliterator.tryAdvance(Spliterators.java:958)
at java.util.stream.ReferencePipeline.forEachWithCancel(ReferencePipeline.java:126)
at java.util.stream.AbstractPipeline.copyIntoWithCancel(AbstractPipeline.java:498)
at java.util.stream.AbstractPipeline.copyInto(AbstractPipeline.java:485)
at java.util.stream.AbstractPipeline.wrapAndCopyInto(AbstractPipeline.java:471)
at java.util.stream.FindOps$FindOp.evaluateSequential(FindOps.java:152)
at java.util.stream.AbstractPipeline.evaluate(AbstractPipeline.java:234)
at java.util.stream.ReferencePipeline.findFirst(ReferencePipeline.java:464)
at org.openqa.selenium.remote.ProtocolHandshake.createSession(ProtocolHandshake.java:128)
at org.openqa.selenium.remote.ProtocolHandshake.createSession(ProtocolHandshake.java:74)
at org.openqa.selenium.remote.HttpCommandExecutor.execute(HttpCommandExecutor.java:136)
at org.openqa.selenium.remote.service.DriverCommandExecutor.execute(DriverCommandExecutor.java:83)
at org.openqa.selenium.remote.RemoteWebDriver.execute(RemoteWebDriver.java:552)
at org.openqa.selenium.remote.RemoteWebDriver.startSession(RemoteWebDriver.java:213)
at org.openqa.selenium.remote.RemoteWebDriver.<init>(RemoteWebDriver.java:131)
at org.openqa.selenium.chrome.ChromeDriver.<init>(ChromeDriver.java:181)
at org.openqa.selenium.chrome.ChromeDriver.<init>(ChromeDriver.java:168)
at org.openqa.selenium.chrome.ChromeDriver.<init>(ChromeDriver.java:157)
at tll.generic.BaseLibrary.preCondition(BaseLibrary.java:33)
at java.util.ArrayList.forEach(ArrayList.java:1257)
... Removed 29 stack frames]]>
    </failure>
  </testcase> <!-- @BeforeClass preCondition -->
  <testcase name="@AfterClass postCondition" time="-1.625218737588E9" classname="tll.generic.BaseLibrary">
    <skipped/>
  </testcase> <!-- @AfterClass postCondition -->
  <testcase name="init" time="0.0" classname="test_Cases.ParentLogin">
    <skipped/>
  </testcase> <!-- init -->
</testsuite> <!-- Test -->
