<?xml version="1.0" encoding="UTF-8"?>
<testng-results skipped="1" failed="0" ignored="0" total="1" passed="0">
  <reporter-output>
    <line>
      <![CDATA[ Suite Execution starts Fri Jul 02 15:08:43 IST 2021]]>
    </line>
    <line>
      <![CDATA[init  Script Execution start ]]>
    </line>
    <line>
      <![CDATA[init  Script Skipped :(]]>
    </line>
    <line>
      <![CDATA[ Suite Execution Ends Fri Jul 02 15:08:57 IST 2021]]>
    </line>
  </reporter-output>
  <suite name="Suite" duration-ms="13853" started-at="2021-07-02T15:08:43 IST" finished-at="2021-07-02T15:08:57 IST">
    <groups>
    </groups>
    <test name="Test" duration-ms="13853" started-at="2021-07-02T15:08:43 IST" finished-at="2021-07-02T15:08:57 IST">
      <class name="test_Cases.ParentLogin">
        <test-method status="FAIL" signature="preCondition(java.lang.String, java.lang.String)[pri:0, instance:test_Cases.ParentLogin@74a10858]" name="preCondition" is-config="true" duration-ms="13372" started-at="2021-07-02T15:08:43 IST" finished-at="2021-07-02T15:08:57 IST">
          <params>
            <param index="0">
              <value>
                <![CDATA[chrome]]>
              </value>
            </param>
            <param index="1">
              <value>
                <![CDATA[http://104.215.189.175:1019/adminlogin]]>
              </value>
            </param>
          </params>
          <exception class="org.openqa.selenium.SessionNotCreatedException">
            <message>
              <![CDATA[session not created: This version of ChromeDriver only supports Chrome version 88
Current browser version is 91.0.4472.124 with binary path C:\Program Files (x86)\Google\Chrome\Application\chrome.exe
Build info: version: '3.141.59', revision: 'e82be7d358', time: '2018-11-14T08:17:03'
System info: host: 'LAPTOP-EUU5Q1J4', ip: '192.168.1.33', os.name: 'Windows 10', os.arch: 'amd64', os.version: '10.0', java.version: '1.8.0_191'
Driver info: driver.version: ChromeDriver
remote stacktrace: Backtrace:
GetHandleVerifier [0x0008B963+483]
GetHandleVerifier [0x0008B941+449]
GetHandleVerifier [0x00433308+3832712]
GetHandleVerifier [0x0044D69A+3940122]
GetHandleVerifier [0x00449AFB+3924859]
GetHandleVerifier [0x00447D9C+3917340]
GetHandleVerifier [0x0046E7FE+4075646]
GetHandleVerifier [0x0046E56C+4074988]
GetHandleVerifier [0x0046B2EB+4062059]
GetHandleVerifier [0x0044ED14+3945876]
GetHandleVerifier [0x0044FBCE+3949646]
GetHandleVerifier [0x0044FB59+3949529]
Ordinal0 [0x0004B5CC+46540]
Ordinal0 [0x00049F53+40787]
Ordinal0 [0x00049B12+39698]
GetHandleVerifier [0x00351468+2907368]
GetHandleVerifier [0x001971EE+1096302]
GetHandleVerifier [0x00153E8D+821005]
GetHandleVerifier [0x0015396B+819691]
GetHandleVerifier [0x00153881+819457]
GetHandleVerifier [0x0017F463+998627]
BaseThreadInitThunk [0x7714FA29+25]
RtlGetAppContainerNamedObjectPath [0x774C7A9E+286]
RtlGetAppContainerNamedObjectPath [0x774C7A6E+238]
(No symbol) [0x00000000]
]]>
            </message>
            <full-stacktrace>
              <![CDATA[org.openqa.selenium.SessionNotCreatedException: session not created: This version of ChromeDriver only supports Chrome version 88
Current browser version is 91.0.4472.124 with binary path C:\Program Files (x86)\Google\Chrome\Application\chrome.exe
Build info: version: '3.141.59', revision: 'e82be7d358', time: '2018-11-14T08:17:03'
System info: host: 'LAPTOP-EUU5Q1J4', ip: '192.168.1.33', os.name: 'Windows 10', os.arch: 'amd64', os.version: '10.0', java.version: '1.8.0_191'
Driver info: driver.version: ChromeDriver
remote stacktrace: Backtrace:
GetHandleVerifier [0x0008B963+483]
GetHandleVerifier [0x0008B941+449]
GetHandleVerifier [0x00433308+3832712]
GetHandleVerifier [0x0044D69A+3940122]
GetHandleVerifier [0x00449AFB+3924859]
GetHandleVerifier [0x00447D9C+3917340]
GetHandleVerifier [0x0046E7FE+4075646]
GetHandleVerifier [0x0046E56C+4074988]
GetHandleVerifier [0x0046B2EB+4062059]
GetHandleVerifier [0x0044ED14+3945876]
GetHandleVerifier [0x0044FBCE+3949646]
GetHandleVerifier [0x0044FB59+3949529]
Ordinal0 [0x0004B5CC+46540]
Ordinal0 [0x00049F53+40787]
Ordinal0 [0x00049B12+39698]
GetHandleVerifier [0x00351468+2907368]
GetHandleVerifier [0x001971EE+1096302]
GetHandleVerifier [0x00153E8D+821005]
GetHandleVerifier [0x0015396B+819691]
GetHandleVerifier [0x00153881+819457]
GetHandleVerifier [0x0017F463+998627]
BaseThreadInitThunk [0x7714FA29+25]
RtlGetAppContainerNamedObjectPath [0x774C7A9E+286]
RtlGetAppContainerNamedObjectPath [0x774C7A6E+238]
(No symbol) [0x00000000]

at sun.reflect.NativeConstructorAccessorImpl.newInstance0(Native Method)
at sun.reflect.NativeConstructorAccessorImpl.newInstance(NativeConstructorAccessorImpl.java:62)
at sun.reflect.DelegatingConstructorAccessorImpl.newInstance(DelegatingConstructorAccessorImpl.java:45)
at java.lang.reflect.Constructor.newInstance(Constructor.java:423)
at org.openqa.selenium.remote.W3CHandshakeResponse.lambda$errorHandler$0(W3CHandshakeResponse.java:62)
at org.openqa.selenium.remote.HandshakeResponse.lambda$getResponseFunction$0(HandshakeResponse.java:30)
at org.openqa.selenium.remote.ProtocolHandshake.lambda$createSession$0(ProtocolHandshake.java:126)
at java.util.stream.ReferencePipeline$3$1.accept(ReferencePipeline.java:193)
at java.util.Spliterators$ArraySpliterator.tryAdvance(Spliterators.java:958)
at java.util.stream.ReferencePipeline.forEachWithCancel(ReferencePipeline.java:126)
at java.util.stream.AbstractPipeline.copyIntoWithCancel(AbstractPipeline.java:498)
at java.util.stream.AbstractPipeline.copyInto(AbstractPipeline.java:485)
at java.util.stream.AbstractPipeline.wrapAndCopyInto(AbstractPipeline.java:471)
at java.util.stream.FindOps$FindOp.evaluateSequential(FindOps.java:152)
at java.util.stream.AbstractPipeline.evaluate(AbstractPipeline.java:234)
at java.util.stream.ReferencePipeline.findFirst(ReferencePipeline.java:464)
at org.openqa.selenium.remote.ProtocolHandshake.createSession(ProtocolHandshake.java:128)
at org.openqa.selenium.remote.ProtocolHandshake.createSession(ProtocolHandshake.java:74)
at org.openqa.selenium.remote.HttpCommandExecutor.execute(HttpCommandExecutor.java:136)
at org.openqa.selenium.remote.service.DriverCommandExecutor.execute(DriverCommandExecutor.java:83)
at org.openqa.selenium.remote.RemoteWebDriver.execute(RemoteWebDriver.java:552)
at org.openqa.selenium.remote.RemoteWebDriver.startSession(RemoteWebDriver.java:213)
at org.openqa.selenium.remote.RemoteWebDriver.<init>(RemoteWebDriver.java:131)
at org.openqa.selenium.chrome.ChromeDriver.<init>(ChromeDriver.java:181)
at org.openqa.selenium.chrome.ChromeDriver.<init>(ChromeDriver.java:168)
at org.openqa.selenium.chrome.ChromeDriver.<init>(ChromeDriver.java:157)
at tll.generic.BaseLibrary.preCondition(BaseLibrary.java:33)
at sun.reflect.NativeMethodAccessorImpl.invoke0(Native Method)
at sun.reflect.NativeMethodAccessorImpl.invoke(NativeMethodAccessorImpl.java:62)
at sun.reflect.DelegatingMethodAccessorImpl.invoke(DelegatingMethodAccessorImpl.java:43)
at java.lang.reflect.Method.invoke(Method.java:498)
at org.testng.internal.MethodInvocationHelper.invokeMethod(MethodInvocationHelper.java:132)
at org.testng.internal.MethodInvocationHelper.invokeMethodConsideringTimeout(MethodInvocationHelper.java:61)
at org.testng.internal.ConfigInvoker.invokeConfigurationMethod(ConfigInvoker.java:366)
at org.testng.internal.ConfigInvoker.invokeConfigurations(ConfigInvoker.java:320)
at org.testng.internal.TestMethodWorker.invokeBeforeClassMethods(TestMethodWorker.java:176)
at org.testng.internal.TestMethodWorker.run(TestMethodWorker.java:122)
at java.util.ArrayList.forEach(ArrayList.java:1257)
at org.testng.TestRunner.privateRun(TestRunner.java:764)
at org.testng.TestRunner.run(TestRunner.java:585)
at org.testng.SuiteRunner.runTest(SuiteRunner.java:384)
at org.testng.SuiteRunner.runSequentially(SuiteRunner.java:378)
at org.testng.SuiteRunner.privateRun(SuiteRunner.java:337)
at org.testng.SuiteRunner.run(SuiteRunner.java:286)
at org.testng.SuiteRunnerWorker.runSuite(SuiteRunnerWorker.java:53)
at org.testng.SuiteRunnerWorker.run(SuiteRunnerWorker.java:96)
at org.testng.TestNG.runSuitesSequentially(TestNG.java:1218)
at org.testng.TestNG.runSuitesLocally(TestNG.java:1140)
at org.testng.TestNG.runSuites(TestNG.java:1069)
at org.testng.TestNG.run(TestNG.java:1037)
at org.testng.remote.AbstractRemoteTestNG.run(AbstractRemoteTestNG.java:115)
at org.testng.remote.RemoteTestNG.initAndRun(RemoteTestNG.java:251)
at org.testng.remote.RemoteTestNG.main(RemoteTestNG.java:77)
]]>
            </full-stacktrace>
          </exception> <!-- org.openqa.selenium.SessionNotCreatedException -->
          <reporter-output>
          </reporter-output>
        </test-method> <!-- preCondition -->
        <test-method status="SKIP" signature="init()[pri:0, instance:test_Cases.ParentLogin@74a10858]" name="init" duration-ms="0" started-at="2021-07-02T15:08:57 IST" finished-at="2021-07-02T15:08:57 IST">
          <exception class="org.openqa.selenium.SessionNotCreatedException">
            <message>
              <![CDATA[session not created: This version of ChromeDriver only supports Chrome version 88
Current browser version is 91.0.4472.124 with binary path C:\Program Files (x86)\Google\Chrome\Application\chrome.exe
Build info: version: '3.141.59', revision: 'e82be7d358', time: '2018-11-14T08:17:03'
System info: host: 'LAPTOP-EUU5Q1J4', ip: '192.168.1.33', os.name: 'Windows 10', os.arch: 'amd64', os.version: '10.0', java.version: '1.8.0_191'
Driver info: driver.version: ChromeDriver
remote stacktrace: Backtrace:
GetHandleVerifier [0x0008B963+483]
GetHandleVerifier [0x0008B941+449]
GetHandleVerifier [0x00433308+3832712]
GetHandleVerifier [0x0044D69A+3940122]
GetHandleVerifier [0x00449AFB+3924859]
GetHandleVerifier [0x00447D9C+3917340]
GetHandleVerifier [0x0046E7FE+4075646]
GetHandleVerifier [0x0046E56C+4074988]
GetHandleVerifier [0x0046B2EB+4062059]
GetHandleVerifier [0x0044ED14+3945876]
GetHandleVerifier [0x0044FBCE+3949646]
GetHandleVerifier [0x0044FB59+3949529]
Ordinal0 [0x0004B5CC+46540]
Ordinal0 [0x00049F53+40787]
Ordinal0 [0x00049B12+39698]
GetHandleVerifier [0x00351468+2907368]
GetHandleVerifier [0x001971EE+1096302]
GetHandleVerifier [0x00153E8D+821005]
GetHandleVerifier [0x0015396B+819691]
GetHandleVerifier [0x00153881+819457]
GetHandleVerifier [0x0017F463+998627]
BaseThreadInitThunk [0x7714FA29+25]
RtlGetAppContainerNamedObjectPath [0x774C7A9E+286]
RtlGetAppContainerNamedObjectPath [0x774C7A6E+238]
(No symbol) [0x00000000]
]]>
            </message>
            <full-stacktrace>
              <![CDATA[org.openqa.selenium.SessionNotCreatedException: session not created: This version of ChromeDriver only supports Chrome version 88
Current browser version is 91.0.4472.124 with binary path C:\Program Files (x86)\Google\Chrome\Application\chrome.exe
Build info: version: '3.141.59', revision: 'e82be7d358', time: '2018-11-14T08:17:03'
System info: host: 'LAPTOP-EUU5Q1J4', ip: '192.168.1.33', os.name: 'Windows 10', os.arch: 'amd64', os.version: '10.0', java.version: '1.8.0_191'
Driver info: driver.version: ChromeDriver
remote stacktrace: Backtrace:
GetHandleVerifier [0x0008B963+483]
GetHandleVerifier [0x0008B941+449]
GetHandleVerifier [0x00433308+3832712]
GetHandleVerifier [0x0044D69A+3940122]
GetHandleVerifier [0x00449AFB+3924859]
GetHandleVerifier [0x00447D9C+3917340]
GetHandleVerifier [0x0046E7FE+4075646]
GetHandleVerifier [0x0046E56C+4074988]
GetHandleVerifier [0x0046B2EB+4062059]
GetHandleVerifier [0x0044ED14+3945876]
GetHandleVerifier [0x0044FBCE+3949646]
GetHandleVerifier [0x0044FB59+3949529]
Ordinal0 [0x0004B5CC+46540]
Ordinal0 [0x00049F53+40787]
Ordinal0 [0x00049B12+39698]
GetHandleVerifier [0x00351468+2907368]
GetHandleVerifier [0x001971EE+1096302]
GetHandleVerifier [0x00153E8D+821005]
GetHandleVerifier [0x0015396B+819691]
GetHandleVerifier [0x00153881+819457]
GetHandleVerifier [0x0017F463+998627]
BaseThreadInitThunk [0x7714FA29+25]
RtlGetAppContainerNamedObjectPath [0x774C7A9E+286]
RtlGetAppContainerNamedObjectPath [0x774C7A6E+238]
(No symbol) [0x00000000]

at sun.reflect.NativeConstructorAccessorImpl.newInstance0(Native Method)
at sun.reflect.NativeConstructorAccessorImpl.newInstance(NativeConstructorAccessorImpl.java:62)
at sun.reflect.DelegatingConstructorAccessorImpl.newInstance(DelegatingConstructorAccessorImpl.java:45)
at java.lang.reflect.Constructor.newInstance(Constructor.java:423)
at org.openqa.selenium.remote.W3CHandshakeResponse.lambda$errorHandler$0(W3CHandshakeResponse.java:62)
at org.openqa.selenium.remote.HandshakeResponse.lambda$getResponseFunction$0(HandshakeResponse.java:30)
at org.openqa.selenium.remote.ProtocolHandshake.lambda$createSession$0(ProtocolHandshake.java:126)
at java.util.stream.ReferencePipeline$3$1.accept(ReferencePipeline.java:193)
at java.util.Spliterators$ArraySpliterator.tryAdvance(Spliterators.java:958)
at java.util.stream.ReferencePipeline.forEachWithCancel(ReferencePipeline.java:126)
at java.util.stream.AbstractPipeline.copyIntoWithCancel(AbstractPipeline.java:498)
at java.util.stream.AbstractPipeline.copyInto(AbstractPipeline.java:485)
at java.util.stream.AbstractPipeline.wrapAndCopyInto(AbstractPipeline.java:471)
at java.util.stream.FindOps$FindOp.evaluateSequential(FindOps.java:152)
at java.util.stream.AbstractPipeline.evaluate(AbstractPipeline.java:234)
at java.util.stream.ReferencePipeline.findFirst(ReferencePipeline.java:464)
at org.openqa.selenium.remote.ProtocolHandshake.createSession(ProtocolHandshake.java:128)
at org.openqa.selenium.remote.ProtocolHandshake.createSession(ProtocolHandshake.java:74)
at org.openqa.selenium.remote.HttpCommandExecutor.execute(HttpCommandExecutor.java:136)
at org.openqa.selenium.remote.service.DriverCommandExecutor.execute(DriverCommandExecutor.java:83)
at org.openqa.selenium.remote.RemoteWebDriver.execute(RemoteWebDriver.java:552)
at org.openqa.selenium.remote.RemoteWebDriver.startSession(RemoteWebDriver.java:213)
at org.openqa.selenium.remote.RemoteWebDriver.<init>(RemoteWebDriver.java:131)
at org.openqa.selenium.chrome.ChromeDriver.<init>(ChromeDriver.java:181)
at org.openqa.selenium.chrome.ChromeDriver.<init>(ChromeDriver.java:168)
at org.openqa.selenium.chrome.ChromeDriver.<init>(ChromeDriver.java:157)
at tll.generic.BaseLibrary.preCondition(BaseLibrary.java:33)
at sun.reflect.NativeMethodAccessorImpl.invoke0(Native Method)
at sun.reflect.NativeMethodAccessorImpl.invoke(NativeMethodAccessorImpl.java:62)
at sun.reflect.DelegatingMethodAccessorImpl.invoke(DelegatingMethodAccessorImpl.java:43)
at java.lang.reflect.Method.invoke(Method.java:498)
at org.testng.internal.MethodInvocationHelper.invokeMethod(MethodInvocationHelper.java:132)
at org.testng.internal.MethodInvocationHelper.invokeMethodConsideringTimeout(MethodInvocationHelper.java:61)
at org.testng.internal.ConfigInvoker.invokeConfigurationMethod(ConfigInvoker.java:366)
at org.testng.internal.ConfigInvoker.invokeConfigurations(ConfigInvoker.java:320)
at org.testng.internal.TestMethodWorker.invokeBeforeClassMethods(TestMethodWorker.java:176)
at org.testng.internal.TestMethodWorker.run(TestMethodWorker.java:122)
at java.util.ArrayList.forEach(ArrayList.java:1257)
at org.testng.TestRunner.privateRun(TestRunner.java:764)
at org.testng.TestRunner.run(TestRunner.java:585)
at org.testng.SuiteRunner.runTest(SuiteRunner.java:384)
at org.testng.SuiteRunner.runSequentially(SuiteRunner.java:378)
at org.testng.SuiteRunner.privateRun(SuiteRunner.java:337)
at org.testng.SuiteRunner.run(SuiteRunner.java:286)
at org.testng.SuiteRunnerWorker.runSuite(SuiteRunnerWorker.java:53)
at org.testng.SuiteRunnerWorker.run(SuiteRunnerWorker.java:96)
at org.testng.TestNG.runSuitesSequentially(TestNG.java:1218)
at org.testng.TestNG.runSuitesLocally(TestNG.java:1140)
at org.testng.TestNG.runSuites(TestNG.java:1069)
at org.testng.TestNG.run(TestNG.java:1037)
at org.testng.remote.AbstractRemoteTestNG.run(AbstractRemoteTestNG.java:115)
at org.testng.remote.RemoteTestNG.initAndRun(RemoteTestNG.java:251)
at org.testng.remote.RemoteTestNG.main(RemoteTestNG.java:77)
]]>
            </full-stacktrace>
          </exception> <!-- org.openqa.selenium.SessionNotCreatedException -->
          <reporter-output>
            <line>
              <![CDATA[init  Script Skipped :(]]>
            </line>
            <line>
              <![CDATA[ Suite Execution Ends Fri Jul 02 15:08:57 IST 2021]]>
            </line>
          </reporter-output>
        </test-method> <!-- init -->
        <test-method status="SKIP" signature="postCondition()[pri:0, instance:test_Cases.ParentLogin@74a10858]" name="postCondition" is-config="true" duration-ms="-1625218737588" started-at="2021-07-02T15:08:57 IST" finished-at="1970-01-01T05:30:00 IST">
          <reporter-output>
          </reporter-output>
        </test-method> <!-- postCondition -->
      </class> <!-- test_Cases.ParentLogin -->
    </test> <!-- Test -->
  </suite> <!-- Suite -->
</testng-results>
